make.exe all --print-data-base --no-builtin-variables --no-builtin-rules --question
make: *** No rule to make target 'all'.  Stop.

# GNU Make 4.3
# Built for Windows32
# Copyright (C) 1988-2020 Free Software Foundation, Inc.
# License GPLv3+: GNU GPL version 3 or later <http://gnu.org/licenses/gpl.html>
# This is free software: you are free to change and redistribute it.
# There is NO WARRANTY, to the extent permitted by law.

# Make data base, printed on Sat May 07 14:59:19 2022

# Variables

# environment
SYSTEMDRIVE = C:
# makefile (from 'Makefile', line 2)
OUTPUT = bin/debug/application.exe
# environment
LC_ALL = C
# environment
USERPROFILE = C:\Users\puppy
# environment
LOCALAPPDATA = C:\Users\puppy\AppData\Local
# environment
VSCODE_IPC_HOOK_EXTHOST = \\.\pipe\vscode-ipc-85a1fc09-f58a-44af-b992-b14c222a86e6-sock
# environment
VSCODE_CWD = C:\Users\puppy\AppData\Local\Programs\Microsoft VS Code
# environment
CHOCOLATEYINSTALL = C:\ProgramData\chocolatey
# environment
SYSTEMROOT = C:\Windows
# environment
PROCESSOR_LEVEL = 6
# environment
PSMODULEPATH = C:\Program Files\WindowsPowerShell\Modules;C:\Windows\system32\WindowsPowerShell\v1.0\Modules
# makefile (from 'Makefile', line 4)
IPATH = include
# default
MAKE_COMMAND := C:/ProgramData/chocolatey/lib/make/tools/install/bin/make.exe
# automatic
@D = $(patsubst %/,%,$(patsubst %\,%,$(dir $@)))
# environment
CHROME_CRASHPAD_PIPE_NAME = \\.\pipe\crashpad_4972_LPIQFMTAVFQGDUPM
# environment
VSCODE_HANDLES_UNCAUGHT_ERRORS = true
# default
.VARIABLES := 
# automatic
%D = $(patsubst %/,%,$(patsubst %\,%,$(dir $%)))
# automatic
^D = $(patsubst %/,%,$(patsubst %\,%,$(dir $^)))
# environment
VSCODE_LOG_STACK = false
# automatic
%F = $(notdir $%)
# environment
VSCODE_CODE_CACHE_PATH = C:\Users\puppy\AppData\Roaming\Code\CachedData\57fd6d0195bb9b9d1b49f6da5db789060795de47
# environment
LANG = C
# default
.LOADED := 
# environment
TMP = C:\Users\puppy\AppData\Local\Temp
# default
.INCLUDE_DIRS = .
# environment
PROCESSOR_ARCHITEW6432 = AMD64
# makefile
MAKEFLAGS = pqrR
# environment
ONEDRIVE = C:\Users\puppy\OneDrive
# makefile
CURDIR := c:/dev/C++/SDL-Test-2
# environment
VSCODE_PIPE_LOGGING = true
# environment
APPLICATION_INSIGHTS_NO_DIAGNOSTIC_CHANNEL = true
# makefile (from 'Makefile', line 8)
IFLAGS = -IC:/SDL2/include -IC:/JSON_Parse -I$(IPATH)
# automatic
*D = $(patsubst %/,%,$(patsubst %\,%,$(dir $*)))
# environment
PROGRAMFILES = C:\Program Files (x86)
# environment
MFLAGS = -pqrR
# default
.SHELLFLAGS := -c
# environment
COMMONPROGRAMW6432 = C:\Program Files\Common Files
# automatic
+D = $(patsubst %/,%,$(patsubst %\,%,$(dir $+)))
# makefile (from 'Makefile', line 1)
MAKEFILE_LIST := Makefile
# automatic
@F = $(notdir $@)
# environment
VSCODE_VERBOSE_LOGGING = true
# environment
VSCODE_PID = 4972
# automatic
?D = $(patsubst %/,%,$(patsubst %\,%,$(dir $?)))
# makefile (from 'Makefile', line 13)
FLAGS = $(OFLAGS) $(IFLAGS) 
# automatic
*F = $(notdir $*)
# automatic
<D = $(patsubst %/,%,$(patsubst %\,%,$(dir $<)))
# environment
VSCODE_NLS_CONFIG = {"locale":"en-us","availableLanguages":{},"_languagePackSupport":true}
# environment
ONEDRIVECONSUMER = C:\Users\puppy\OneDrive
# default
MAKE_HOST := Windows32
# environment
PROGRAMDATA = C:\ProgramData
# default
SHELL := C:/Program Files/Git/usr/bin/sh.exe
# environment
HOMEPATH = \Users\puppy
# default
MAKECMDGOALS := all
# environment
DRIVERDATA = C:\Windows\System32\Drivers\DriverData
# environment
COMSPEC = C:\Windows\system32\cmd.exe
# environment
WINDIR = C:\Windows
# environment
MAKELEVEL := 0
# default
MAKE = $(MAKE_COMMAND)
# environment
PATH = C:\Program Files\Common Files\Oracle\Java\javapath;C:\Users\puppy\AppData\Local\Programs\Python\Python310\;C:\Users\puppy\AppData\Local\Programs\Python\Python310\Scripts\;C:\Program Files\Git\usr\bin;C:\msys64\mingw64\bin;C:\Windows\system32;C:\Windows;C:\Windows\System32\Wbem;C:\Windows\System32\WindowsPowerShell\v1.0\;C:\Windows\System32\OpenSSH\;C:\Program Files\dotnet\;C:\Program Files\Git\cmd;C:\ProgramData\chocolatey\bin;C:\Emscripten\emsdk;C:\Emscripten\emsdk\node\14.18.2_64bit\bin;C:\Emscripten\emsdk\upstream\emscripten;C:\Users\puppy\AppData\Local\Microsoft\WindowsApps;C:\Users\puppy\AppData\Local\Programs\Microsoft VS Code\bin;C:\msys64\mingw64\bin;
# environment
ZES_ENABLE_SYSMAN = 1
# environment
COMPUTERNAME = BITS
# default
MAKEFILES := 
# automatic
^F = $(notdir $^)
# environment
PROMPT = $P$G
# environment
CHOCOLATEYLASTPATHUPDATE = 132953943734561542
# environment
LOGONSERVER = \\BITS
# environment
VSCODE_LOG_NATIVE = false
# environment
USERNAME = Static
# environment
COMMONPROGRAMFILES = C:\Program Files (x86)\Common Files
# automatic
?F = $(notdir $?)
# environment
PROGRAMW6432 = C:\Program Files
# environment
PATHEXT = .COM;.EXE;.BAT;.CMD;.VBS;.VBE;.JS;.JSE;.WSF;.WSH;.MSC
# automatic
+F = $(notdir $+)
# environment
ORIGINAL_XDG_CURRENT_DESKTOP = undefined
# environment
USERDOMAIN = BITS
# 'override' directive
GNUMAKEFLAGS := 
# environment
OS = Windows_NT
# makefile (from 'Makefile', line 6)
CPATH = bin/intermediates
# environment
__COMPAT_LAYER = DetectorsAppHealth
# makefile
.DEFAULT_GOAL := default
# default
MAKE_VERSION := 4.3
# makefile (from 'Makefile', line 5)
SPATH = src
# environment
PROGRAMFILES(X86) = C:\Program Files (x86)
# makefile (from 'Makefile', line 11)
OFLAGS = -Wall -std=c++20
# environment
USERDOMAIN_ROAMINGPROFILE = BITS
# environment
NUMBER_OF_PROCESSORS = 8
# environment
PUBLIC = C:\Users\Public
# environment
APPDATA = C:\Users\puppy\AppData\Roaming
# environment
HOMEDRIVE = C:
# makefile (from 'Makefile', line 10)
DFLAGS = -static-libgcc -static-libstdc++ -Wl,-Bstatic -lstdc++ -lpthread
# environment
PROCESSOR_ARCHITECTURE = x86
# environment
VSCODE_AMD_ENTRYPOINT = vs/workbench/api/node/extensionHostProcess
# environment
COMMONPROGRAMFILES(X86) = C:\Program Files (x86)\Common Files
# environment
ELECTRON_RUN_AS_NODE = 1
# environment
TEMP = C:\Users\puppy\AppData\Local\Temp
# environment
VSCODE_IPC_HOOK = \\.\pipe\bcdcb70d3bde005bfef0c5666e123be3-1.67.0-mai 
n-sock
# default
.RECIPEPREFIX := 
# automatic
<F = $(notdir $<)
# default
SUFFIXES := 
# environment
ALLUSERSPROFILE = C:\ProgramData
# environment
SESSIONNAME = Console
# makefile (from 'Makefile', line 12)
EFLAGS = -s WASM=1 -s USE_SDL=2 -s --preload-file data USE_SDL_IMAGE=2 -s SDL2_IMAGE_FORMATS='png' -s ASYNCIFY=1
# default
.FEATURES := target-specific order-only second-expansion else-if shortest-stem undefine oneshell nocomment grouped-target extra-prereqs archives jobserver output-sync load
# environment
PROCESSOR_REVISION = 8c02
# makefile (from 'Makefile', line 1)
CC = g++
# makefile (from 'Makefile', line 9)
LFLAGS = -LC:/SDL2/lib -lmingw32 -lSDL2main -lSDL2 -lSDL2_image
# environment
PROCESSOR_IDENTIFIER = Intel64 Family 6 Model 140 Stepping 2, GenuineIntel
# variable set hash-table stats:
# Load=108/1024=11%, Rehash=0, Collisions=9/207=4%

# Pattern-specific Variable Values

# No pattern-specific variable values.

# Directories

# . (key c:/dev/C++/SDL-Test-2, mtime 1651772843): 11 files, no impossibilities.

# 11 files, no impossibilities in 1 directories.

# Implicit Rules

# No implicit rules.

# Files

# Not a target:
src/player.cpp:
#  Implicit rule search has not been done.
#  Modification time never checked.
#  File has not been updated.

# Not a target:
src/building.cpp:
#  Implicit rule search has not been done.
#  Modification time never checked.
#  File has not been updated.

# makefile (from 'Makefile', line 19)
default: FLAGS += -g $(LFLAGS)
default: application.exe
#  Implicit rule search has not been done.
#  Modification time never checked.
#  File has not been updated.
# variable set hash-table stats:
# Load=1/32=3%, Rehash=0, Collisions=0/5=0%

# Not a target:
Makefile:
#  Implicit rule search has been done.
#  Last modified 2022-05-07 14:59:16
#  File has been updated.
#  Successfully updated.

bin/intermediates/building.o: src/building.cpp include/building.h include/base.h include/vector.h include/interactable.h
#  Implicit rule search has not been done.
#  Modification time never checked.
#  File has not been updated.
#  recipe to execute (from 'Makefile', line 63):
	$(CC) -c $(SPATH)/building.cpp $(FLAGS) -o $(CPATH)/building.o

# Not a target:
src/main.cpp:
#  Implicit rule search has not been done.
#  Modification time never checked.
#  File has not been updated.

# Not a target:
src/platform.cpp:
#  Implicit rule search has not been done.
#  Modification time never checked.
#  File has not been updated.

# Not a target:
include/base.h:
#  Implicit rule search has not been done. 

#  Modification time never checked.
#  File has not been updated.

clean:
#  Implicit rule search has not been done.
#  Modification time never checked.
#  File has not been updated.
#  recipe to execute (from 'Makefile', line 66):
	-rm $(CPATH)/*.o

# makefile (from 'Makefile', line 32)
emscripten: FLAGS += -g $(EFLAGS)
# makefile (from 'Makefile', line 33)
emscripten: OUTPUT = bin/web/game.html
# makefile (from 'Makefile', line 30)
emscripten: CC = em++
emscripten: application.exe
#  Implicit rule search has not been done.
#  Modification time never checked.
#  File has not been updated.
# variable set hash-table stats:
# Load=3/32=9%, Rehash=0, Collisions=1/7=14%

# Not a target:
include/building.h:
#  Implicit rule search has not been done.
#  Modification time never checked.
#  File has not been updated.

# Not a target:
include/platform.h:
#  Implicit rule search has not been done.
#  Modification time never checked.
#  File has not been updated.

application.exe: bin/intermediates/main.o bin/intermediates/game.o bin/intermediates/window.o bin/intermediates/player.o bin/intermediates/interactable.o bin/intermediates/base.o bin/intermediates/platform.o bin/intermediates/building.o
#  Implicit rule search has not been done.
#  Modification time never checked.
#  File has not been updated.
#  recipe to execute (from 'Makefile', line 39):
	$(CC) $(CPATH)/main.o $(CPATH)/game.o $(CPATH)/window.o $(CPATH)/player.o $(CPATH)/interactable.o $(CPATH)/base.o $(CPATH)/platform.o $(CPATH)/building.o $(FLAGS) -o $(OUTPUT)

# Not a target:
include/player.h:
#  Implicit rule search has not been done.
#  Modification time never checked.
#  File has not been updated.

# Not a target:
include/utility.h:
#  Implicit rule search has not been done.
#  Modification time never checked.
#  File has not been updated.

bin/intermediates/base.o: src/base.cpp include/base.h include/vector.h include/window.h include/interactable.h include/platform.h include/building.h include/utility.h
#  Implicit rule search has not been done.
#  Modification time never checked.
#  File has not been updated.
#  recipe to execute (from 'Makefile', line 57):
	$(CC) -c $(SPATH)/base.cpp $(FLAGS) -o $(CPATH)/base.o

# Not a target:
.DEFAULT:
#  Implicit rule search has not been done.
#  Modification time never checked.
#  File has not been updated.

# Not a target:
src/window.cpp:
#  Implicit rule search has not been done.
#  Modification time never checked.
#  File has not been updated.

# Not a target:
all:
#  Command line target.
#  Implicit rule search has been done.
#  File does not exist.
#  File has not been updated.

bin/intermediates/interactable.o: src/interactable.cpp include/interactable.h include/vector.h include/window.h include/utility.h include/base.h
#  Implicit rule search has not been done.
#  Modification time never checked.
#  File has not been updated.
#  recipe to execute (from 'Makefile', line 54):
	$(CC) -c $(SPATH)/interactable.cpp $(FLAGS) -o $(CPATH)/interactable.o

# Not a target:
include/vector.h:
#  Implicit rule search has not been done.
#  Modification time never checked.
#  File has not been updated.

# Not a target:
src/base.cpp:
#  Implicit rule search has not been done.
#  Modification time never checked.
#  File has not been updated.

# Not a target:
include/window.h:
#  Implicit rule search has not been done.
#  Modification time never checked.
#  File has not been updated.

bin/intermediates/player.o: src/player.cpp include/player.h include/vector.h include/window.h include/utility.h include/base.h include/interactable.h
#  Implicit rule search has not been done.
#  Modification time never checked.
#  File has not been updated.
#  recipe to execute (from 'Makefile', line 51):
	$(CC) -c $(SPATH)/player.cpp $(FLAGS) -o $(CPATH)/player.o

bin/intermediates/window.o: src/window.cpp include/window.h include/vector.h include/utility.h
#  Implicit rule search has not been done.
#  Modification time never checked.
#  File has not been updated.
#  recipe to execute (from 'Makefile', line 48):
	$(CC) -c $(SPATH)/window.cpp $(FLAGS) - 
o $(CPATH)/window.o

bin/intermediates/game.o: src/game.cpp include/game.h include/window.h include/player.h include/vector.h include/base.h include/save.h include/utility.h
#  Implicit rule search has not been done.
#  Modification time never checked.
#  File has not been updated.
#  recipe to execute (from 'Makefile', line 45):
	$(CC) -c $(SPATH)/game.cpp $(FLAGS) -o $(CPATH)/game.o

bin/intermediates/main.o: src/main.cpp include/game.h
#  Implicit rule search has not been done.
#  Modification time never checked.
#  File has not been updated.
#  recipe to execute (from 'Makefile', line 42):
	$(CC) -c $(SPATH)/main.cpp $(FLAGS) -o $(CPATH)/main.o

# Not a target:
src/game.cpp:
#  Implicit rule search has not been done.
#  Modification time never checked.
#  File has not been updated.

# Not a target:
include/game.h:
#  Implicit rule search has not been done.
#  Modification time never checked.
#  File has not been updated.

# Not a target:
src/interactable.cpp:
#  Implicit rule search has not been done.
#   
Modification time never checked.
#  File has not been updated.

# makefile (from 'Makefile', line 25)
release: FLAGS += $(LFLAGS) $(DFLAGS) -O3
# makefile (from 'Makefile', line 26)
release: OUTPUT = bin/release/application.exe
release: application.exe
#  Implicit rule search has not been done.
#  Modification time never checked.
#  File has not been updated.
# variable set hash-table stats:
# Load=2/32=6%, Rehash=0, Collisions=1/8=12%

bin/intermediates/platform.o: src/platform.cpp include/platform.h include/base.h include/vector.h include/interactable.h include/window.h include/utility.h
#  Implicit rule search has not been done.
#  Modification time never checked.
#  File has not been updated.
#  recipe to execute (from 'Makefile', line 60):
	$(CC) -c $(SPATH)/platform.cpp $(FLAGS) -o $(CPATH)/platform.o

# Not a target:
include/save.h:
#  Implicit rule search has not been done.
#  Modification time never checked.
#  File has not been updated.

# Not a target:
include/interactable.h:
#  Implicit rule search has not been done.
#  Modification time never checked.
#  File has not been updated.

# files hash-table stats:
# Load=35/1024=3%, Rehash=0, Collisions=2/125=2%
# VPATH Search Paths

# No 'vpath' search paths.

# No general ('VPATH' variable) search path.

# strcache buffers: 1 (0) / strings = 45 / storage = 659 B / avg = 14 B
# current buf: size = 8174 B / used = 659 B / count = 45 / avg = 14 B

# strcache performance: lookups = 115 / hit rate = 60%
# hash-table stats:
# Load=45/8192=1%, Rehash=0, Collisions=0/115=0%
# Finished Make data base on Sat May 07 14:59:19 2022

 
